make.exe all --print-data-base --no-builtin-variables --no-builtin-rules --question
# GNU Make version 3.78.1, by Richard Stallman and Roland McGrath.
# Built for Windows32
# Copyright (C) 1988, 89, 90, 91, 92, 93, 94, 95, 96, 97, 98, 99
# 	Free Software Foundation, Inc.
# This is free software; see the source for copying conditions.
# There is NO warranty; not even for MERCHANTABILITY or FITNESS FOR A
# PARTICULAR PURPOSE.

# Report bugs to <bug-make@gnu.org>.

 

# Make data base, printed on Mon Jul 18 00:00:33 2022

# Variables

# environment
LC_ALL = C
# environment
ORIGINAL_XDG_CURRENT_DESKTOP = undefined
# environment
COMMONPROGRAMW6432 = C:\Program Files\Common Files
# environment
PROMPT = $P$G
# environment
VSCODE_AMD_ENTRYPOINT = vs/workbench/api/node/extensionHostProcess
# environment
LOGONSERVER = \\CHIBKAY
# automatic
@F = $(notdir $@)
# environment
COMSPEC = C:\WINDOWS\system32\cmd.exe
# environment
HOME = C:\Users\Chibkay
# environment
USERNAME = User
# default
MAKE = $(MAKE_COMMAND)
# default
SUFFIXES := 
# environment
DRIVERDATA = C:\Windows\System32\Drivers\DriverData
# environment
PROGRAMW6432 = C:\Program Files
# environment
NUMBER_OF_PROCESSORS = 12
# environment
OS = Windows_NT
# environment
HOMEPATH = \Users\Chibkay
# environment
VBOX_MSI_INSTALL_PATH = C:\Program Files\Oracle\VirtualBox\
# environment
VSCODE_NLS_CONFIG = {"locale":"en-us","availableLanguages":{},"_languagePackSupport":true}
# default
CURDIR := c:/Users/Chibkay/DevOps_Microservices
# environment
VSCODE_HANDLES_UNCAUGHT_ERRORS = true
# automatic
+F = $(notdir $+)
# environment
VSCODE_PID = 28612
# automatic
%F = $(notdir $%)
# environment
TMP = C:\Users\Chibkay\AppData\Local\Temp
# environment
CHOCOLATEYINSTALL = C:\ProgramData\chocolatey
# automatic
?D = $(patsubst %/,%,$(dir $?))
# automatic
<D = $(patsubst %/,%,$(dir $<))
# environment
PROCESSOR_ARCHITECTURE = x86
# environment
USERDOMAIN_ROAMINGPROFILE = CHIBKAY
# environment
PROCESSOR_ARCHITEW6432 = AMD64
# environment
PATHEXT = .COM;.EXE;.BAT;.CMD;.VBS;.VBE;.JS;.JSE;.WSF;.WSH;.MSC
# environment
SYSTEMROOT = C:\WINDOWS
# environment
MSMPI_BIN = C:\Program Files\Microsoft MPI\Bin\
# environment
VSCODE_CLI = 1
# environment
ALLUSERSPROFILE = C:\ProgramData
# automatic
*D = $(patsubst %/,%,$(dir $*))
# automatic
^D = $(patsubst %/,%,$(dir $^))
# default
SHELL := C:/UnxUtils/bin/sh.exe
# makefile
MAKEFLAGS = Rrqp
# environment
LOCALAPPDATA = C:\Users\Chibkay\AppData\Local
# environment
COMMONPROGRAMFILES(X86) = C:\Program Files (x86)\Common Files
# default
MAKE_VERSION := 3.78.1
# environment
FPS_BROWSER_APP_PROFILE_STRING = Internet Explorer
# environment
MAKELEVEL := 0
# environment
ZES_ENABLE_SYSMAN = 1
# environment
HOMEDRIVE = C:
# environment
Path = C:\Program Files\Microsoft MPI\Bin
# environment
VSCODE_CODE_CACHE_PATH = C:\Users\Chibkay\AppData\Roaming\Code\CachedData\b06ae3b2d2dbfe28bca3134cc6be65935cdfea6a
# environment
USERDOMAIN = CHIBKAY
# environment
PROGRAMFILES = C:\Program Files (x86)
# environment
MFLAGS = -Rrqp
# environment
PYENV = %USERPROFILE%\.pyenv\pyenv-win\
# automatic
@D = $(patsubst %/,%,$(dir $@))
# environment
MSMPI_BENCHMARKS = C:\Program Files\Microsoft MPI\Benchmarks\
# environment
SESSIONNAME = Console
# environment
ONEDRIVE = C:\Users\Chibkay\OneDrive
# environment
ONEDRIVECONSUMER = C:\Users\Chibkay\OneDrive
# environment
CHROME_CRASHPAD_PIPE_NAME = \\.\pipe\crashpad_28612_NQRLUROCVXDTIJEL
# environment
COMPUTERNAME = CHIBKAY
# environment
LANG = C
# environment
COMMONPROGRAMFILES = C:\Program Files (x86)\Common Files
# environment
TEMP = C:\Users\Chibkay\AppData\Local\Temp
# environment
PROCESSOR_LEVEL = 6
# environment
USERPROFILE = C:\Users\Chibkay
# automatic
+D = $(patsubst %/,%,$(dir $+))
# environment
VSCODE_CWD = C:\Users\Chibkay\DevOps_Microservices
# environment
APPDATA = C:\Users\Chibkay\AppData\Roaming
# automatic
?F = $(notdir $?)
# environment
PROCESSOR_REVISION = 9e0a
# automatic
%D = $(patsubst %/,%,$(dir $%))
# automatic
<F = $(notdir $<)
# environment
PSMODULEPATH = C:\Program Files\WindowsPowerShell\Modules;C:\WINDOWS\system32\WindowsPowerShell\v1.0\Modules;C:\Program Files (x86)\Microsoft SQL Server\150\Tools\PowerShell\Modules\
# environment
PUBLIC = C:\Users\Public
# environment
CHOCOLATEYLASTPATHUPDATE = 133024836539547339
# environment
ELECTRON_RUN_AS_NODE = 1
# environment
PROGRAMDATA = C:\ProgramData
# environment
JUPYTER_CONFIG_DATA = c:\Users\Chibkay\.vscode\extensions\ms-toolsai.vscode-ai-remote-0.14.0\jupyterConfigData.json
# environment
SYSTEMDRIVE = C:
# environment
PROGRAMFILES(X86) = C:\Program Files (x86)
# automatic
*F = $(notdir $*)
# automatic
^F = $(notdir $^)
# environment
WINDIR = C:\WINDOWS
# default
MAKECMDGOALS := all
# environment
VSCODE_IPC_HOOK = \\.\pipe\51b3d195ed4b1ea3d4dbfea4503b4652-1.69.1-main-sock
# default
MAKEFILES := 
# default
MAKE_COMMAND := make.exe
# environment
PATH = C:\Program Files\Microsoft MPI\Bin\;C:\WINDOWS\system32;C:\WINDOWS;C:\WINDOWS\System32\Wbem;C:\WINDOWS\System32\WindowsPowerShell\v1.0\;C:\WINDOWS\System32\OpenSSH\;C:\Program Files (x86)\Microsoft SQL Server\150\DTS\Binn\;C:\Program Files\Azure Data Studio\bin;C:\Program Files (x86)\Microsoft SQL Server\150\Tools\Binn\;C:\Program Files\Microsoft SQL Server\150\Tools\Binn\;C:\Program Files\Microsoft SQL Server\150\DTS\Binn\;C:\Program Files\Microsoft SQL Server\Client SDK\ODBC\170\Tools\Binn\;C:\Program Files\dotnet\;C:\ProgramData\chocolatey\bin;C:\HashiCorp\Vagrant\bin;C:\Program Files\NVIDIA Corporation\NVIDIA NvDLISR;C:\Program Files (x86)\NVIDIA Corporation\PhysX\Common;C:\Program Files\Git\cmd;C:\Program Files\Amazon\AWSCLIV2\;C:\Program Files\nodejs\;C:\Users\Chibkay\Downloads\UnxUtils\usr\local\wbin;C:\Program Files\7-Zip;C:\Program Files\Docker\Docker\resources\bin;C:\ProgramData\DockerDesktop\version-bin;C:\UnxUtils\bin;C:\UnxUtils\usr\local\wbin;C:\MinGW\bin;C:\Program Files\Git\usr\bin;C:\Program Files\Kubernetes\Minikube;;C:\minikube;C:\Users\Chibkay\scoop\shims;C:\Users\Chibkay\AppData\Local\Programs\Python\Python37\Scripts\;C:\Users\Chibkay\AppData\Local\Programs\Python\Python37\;C:\Users\Chibkay\AppData\Local\Microsoft\WindowsApps;C:\Users\Chibkay\AppData\Local\Programs\Microsoft VS Code\bin;C:\Program Files\Azure Data Studio\bin;C:\Users\Chibkay\.dotnet\tools;C:\Users\Chibkay\AppData\Roaming\npm;C:\UnxUtils\bin;C:\UnxUtils\usr\local\wbin;C:\MinGW\bin;C:\Users\Chibkay\.pyenv\pyenv-win\bin;C:\Users\Chibkay\.pyenv\pyenv-win\shims;C:\Program Files\Git\usr\bin;
# environment
PROCESSOR_IDENTIFIER = Intel64 Family 6 Model 158 Stepping 10, GenuineIntel
# environment
ELECTRON_NO_ATTACH_CONSOLE = 1
# environment
FPS_BROWSER_USER_PROFILE_STRING = Default
# environment
APPLICATION_INSIGHTS_NO_DIAGNOSTIC_CHANNEL = 1
# 92 variables in 523 hash buckets.
# average of 0.2 variables per bucket, max 2 in one bucket.

# Directories

# C:\ProgramData\chocolatey\bin (key C:/ProgramData/chocolatey/bin, mtime 1657831494): 13 files, no impossibilities.
# C:\Program Files\Docker\Docker\resources\bin (key C:/Program Files/Docker/Docker/resources/bin, mtime 1657824048): 13 files, no impossibilities.
# C:\Program Files\Git\cmd (key C:/Program Files/Git/cmd, mtime 1650190164): 8 files, no impossibilities.
# C:\Program Files (x86)\Microsoft SQL Server\150\DTS\Binn\ (key C:/Program Files (x86)/Microsoft SQL Server/150/DTS/Binn, mtime 1647805912): 40 files, no impossibilities.
# C:\Program Files\Microsoft SQL Server\Client SDK\ODBC\170\Tools\Binn\ (key C:/Program Files/Microsoft SQL Server/Client SDK/ODBC/170/Tools/Binn, mtime 1647824330): 7 files, no impossibilities.
# C:\Users\Chibkay\Downloads\UnxUtils\usr\local\wbin: could not be stat'd.
# C:\Program Files\Microsoft SQL Server\150\DTS\Binn\ (key C:/Program Files/Microsoft SQL Server/150/DTS/Binn, mtime 1647805928): 46 files, no impossibilities.
# C:\UnxUtils\bin (key C:/UnxUtils/bin, mtime 1655561108): 3 files, no impossibilities so far.
# C:\HashiCorp\Vagrant\bin (key C:/HashiCorp/Vagrant/bin, mtime 1647913239): 3 files, no impossibilities.
# C:\WINDOWS\System32\Wbem (key C:/WINDOWS/System32/Wbem, mtime 1652296390): 154 files, no impossibilities.
# C:\ProgramData\DockerDesktop\version-bin: could not be stat'd.
# C:\Program Files\Amazon\AWSCLIV2\ (key C:/Program Files/Amazon/AWSCLIV2, mtime 1652807291): 38 files, no impossibilities.
# C:\WINDOWS\system32 (key C:/WINDOWS/system32, mtime 1658055775): 3060 files, no impossibilities.
# C:\Program Files\7-Zip (key C:/Program Files/7-Zip, mtime 1648939884): 17 files, no impossibilities.
# C:\Program Files\nodejs\ (key C:/Program Files/nodejs, mtime 1655563872): 13 files, no impossibilities.
# C:\WINDOWS (key C:/WINDOWS, mtime 1654640937): 111 files, no impossibilities.
# C:\Program Files\Microsoft SQL Server\150\Tools\Binn\ (key C:/Program Files/Microsoft SQL Server/150/Tools/Binn, mtime 1647824270): 14 files, no impossibilities.
# C:\Program Files\Microsoft MPI\Bin\ (key C:/Program Files/Microsoft MPI/Bin, mtime 1647805857): 6 files, no impossibilities.
# . (key c:/Users/Chibkay/DevOps_Microservices, mtime 1658098797): 20 files, no impossibilities.
# C:\Program Files\dotnet\ (key C:/Program Files/dotnet, mtime 1657991488): 13 files, no impossibilities.
# C:\Program Files (x86)\Microsoft SQL Server\150\Tools\Binn\ (key C:/Program Files (x86)/Microsoft SQL Server/150/Tools/Binn, mtime 1647805926): 11 files, no impossibilities.
# C:\WINDOWS\System32\OpenSSH\: could not be stat'd.
# C:\Program Files\NVIDIA Corporation\NVIDIA NvDLISR (key C:/Program Files/NVIDIA Corporation/NVIDIA NvDLISR, mtime 1648430092): 5 files, no impossibilities.
# C:\Program Files\Azure Data Studio\bin (key C:/Program Files/Azure Data Studio/bin, mtime 1647791567): 4 files, no impossibilities.
# C:\WINDOWS\System32\WindowsPowerShell\v1.0\ (key C:/WINDOWS/System32/WindowsPowerShell/v1.0, mtime 1643179754): 30 files, no impossibilities.
# C:\Program Files (x86)\NVIDIA Corporation\PhysX\Common (key C:/Program Files (x86)/NVIDIA Corporation/PhysX/Common, mtime 1648432662): 10 files, no impossibilities.

# 3639 files, no impossibilities in 26 directories.

# Implicit Rules

# No implicit rules.

# Pattern-specific variable values

# No pattern-specific variable values.

# Files

test:
#  Implicit rule search has not been done.
#  Modification time never checked.
#  File has not been updated.
#  commands to execute (from `makefile', line 19):
	# Additional, optional, tests could go here
	#python -m pytest -vv --cov=myrepolib tests/*.py
	#python -m pytest --nbval notebook.ipynb
	

# Not a target:
.SUFFIXES:
#  Implicit rule search has not been done.
#  Modification time never checked.
#  File has not been updated.

# Not a target:
makefile:
#  Implicit rule search has been done.
#  Last modified 2022-07-17 10:11:16
#  File has been updated.
#  Successfully updated.

setup:
#  Implicit rule search has not been done.
#  Modification time never checked.
#  File has not been updated.
#  commands to execute (from `makefile', line 9):
	# Create python virtualenv & source it
	# source ~/.devops/bin/activate
	python3 -m venv ~/.devops
	

# Not a target:
.DEFAULT:
#  Implicit rule search has not been done.
#  Modification time never checked.
#  File has not been updated.

all: install lint test
#  Command-line target.
#  Implicit rule search has been done.
#  File does not exist.
#  File has been updated.
#  Needs to be updated (-q is set).
# No variables.

lint:
#  Implicit rule search has not been done.
#  Modification time never checked.
#  File has not been updated.
#  commands to execute (from `makefile', line 24):
	# See local hadolint install instructions:   https://github.com/hadolint/hadolint
	# This is linter for Dockerfiles
	# hadolint Dockerfile
	# This is a linter for Python source code linter: https://www.pylint.org/
	# This should be run from inside a virtualenv
	pylint --disable=R,C,W1203,W1202 app.py
	

install:
#  Implicit rule search has not been done.
#  Implicit/static pattern stem: `'
#  File does not exist.
#  File has been updated.
#  Needs to be updated (-q is set).
# automatic
# ^ := 
# automatic
# @ := install
# automatic
# + := 
# automatic
# ? := 
# automatic
# * := 
# automatic
# % := 
# automatic
# < := 
# 7 variables in 23 hash buckets.
# average of 0.3 variables per bucket, max 2 in one bucket.
#  commands to execute (from `makefile', line 14):
	# This should be run from inside a virtualenv
	pip install --upgrade pip &&\
	pip install -r requirements.txt
	

# 8 files in 1007 hash buckets.
# average 0.008 files per bucket, max 1 files in one bucket.

# VPATH Search Paths

# No `vpath' search paths.

# No general (`VPATH' variable) search path.

# Finished Make data base on Mon Jul 18 00:00:33 2022

 
